{"uuid":"0b23a9d3-89e1-4d24-9e11-45d28e0f7262","historyId":"1cf1556ea78a4a06903e8a3999505788","fullName":"Login: Invalid login shows an error","labels":[{"name":"tag","value":"negative"},{"name":"host","value":"Archanas-MacBook-Air.local"},{"name":"thread","value":"88924@Archanas-MacBook-Air.local.main(1)"},{"name":"feature","value":"Login"},{"name":"story","value":"Invalid login shows an error"},{"name":"suite","value":"Login"},{"name":"testClass","value":"Invalid login shows an error"},{"name":"framework","value":"cucumber4jvm"},{"name":"language","value":"java"},{"name":"gherkin_uri","value":"file:///Users/achu/Documents/Workspace/JobApplicationPortalTestFramework/src/test/resources/features/login.feature"},{"name":"package","value":"src.test.resources.features.login_feature.Login"}],"links":[],"name":"Invalid login shows an error","status":"failed","statusDetails":{"known":false,"muted":false,"flaky":false,"message":"Error should contain: 'Email address is not requiredwf' but got: 'Email address is required' expected [true] but found [false]","trace":"java.lang.AssertionError: Error should contain: 'Email address is not requiredwf' but got: 'Email address is required' expected [true] but found [false]\n\tat org.testng.Assert.fail(Assert.java:111)\n\tat org.testng.Assert.failNotEquals(Assert.java:1578)\n\tat org.testng.Assert.assertTrue(Assert.java:57)\n\tat com.archana.meta.stepdefinitions.LoginSteps.i_should_see_an_error_containing(LoginSteps.java:54)\n\tat ✽.I should see an error containing \"Email address is not requiredwf\"(file:///Users/achu/Documents/Workspace/JobApplicationPortalTestFramework/src/test/resources/features/login.feature:13)\n"},"stage":"finished","steps":[{"name":"Given  I open the login page","status":"passed","statusDetails":{"known":false,"muted":false,"flaky":false},"stage":"finished","steps":[],"attachments":[],"parameters":[],"start":1762333347876,"stop":1762333350257},{"name":"When  I login with \"\" and \"password\"","status":"passed","statusDetails":{"known":false,"muted":false,"flaky":false},"stage":"finished","steps":[],"attachments":[],"parameters":[],"start":1762333350259,"stop":1762333351379},{"name":"Then  I should see an error containing \"Email address is not requiredwf\"","status":"failed","statusDetails":{"known":false,"muted":false,"flaky":false,"message":"Error should contain: 'Email address is not requiredwf' but got: 'Email address is required' expected [true] but found [false]","trace":"java.lang.AssertionError: Error should contain: 'Email address is not requiredwf' but got: 'Email address is required' expected [true] but found [false]\n\tat org.testng.Assert.fail(Assert.java:111)\n\tat org.testng.Assert.failNotEquals(Assert.java:1578)\n\tat org.testng.Assert.assertTrue(Assert.java:57)\n\tat com.archana.meta.stepdefinitions.LoginSteps.i_should_see_an_error_containing(LoginSteps.java:54)\n\tat ✽.I should see an error containing \"Email address is not requiredwf\"(file:///Users/achu/Documents/Workspace/JobApplicationPortalTestFramework/src/test/resources/features/login.feature:13)\n"},"stage":"finished","steps":[],"attachments":[{"name":"error-text","source":"92f91629-32da-40e3-b40c-953bb80618b7-attachment.txt","type":"text/plain"}],"parameters":[],"start":1762333351380,"stop":1762333351886}],"attachments":[],"parameters":[{"name":"email","value":""},{"name":"password","value":"password"},{"name":"error","value":"Email address is not requiredwf"}],"start":1762333345019,"stop":1762333353386}