{"uuid":"4246f826-31b0-4d20-9db3-d5702987fce3","historyId":"85b94f30849d26849729c7cdcbe576f1","fullName":"Screenshot Test: Force a failure to test screenshot","labels":[{"name":"tag","value":"screenshot-test"},{"name":"host","value":"Archanas-MacBook-Air.local"},{"name":"thread","value":"88924@Archanas-MacBook-Air.local.main(1)"},{"name":"feature","value":"Screenshot Test"},{"name":"story","value":"Force a failure to test screenshot"},{"name":"suite","value":"Screenshot Test"},{"name":"testClass","value":"Force a failure to test screenshot"},{"name":"framework","value":"cucumber4jvm"},{"name":"language","value":"java"},{"name":"gherkin_uri","value":"file:///Users/achu/Documents/Workspace/JobApplicationPortalTestFramework/src/test/resources/features/test-screenshot.feature"},{"name":"package","value":"src.test.resources.features.test-screenshot_feature.Screenshot Test"}],"links":[],"name":"Force a failure to test screenshot","status":"failed","statusDetails":{"known":false,"muted":false,"flaky":false,"message":"Error should contain: 'THIS TEXT WILL NEVER MATCH - GUARANTEED FAILURE' but got: 'Invalid email or password' expected [true] but found [false]","trace":"java.lang.AssertionError: Error should contain: 'THIS TEXT WILL NEVER MATCH - GUARANTEED FAILURE' but got: 'Invalid email or password' expected [true] but found [false]\n\tat org.testng.Assert.fail(Assert.java:111)\n\tat org.testng.Assert.failNotEquals(Assert.java:1578)\n\tat org.testng.Assert.assertTrue(Assert.java:57)\n\tat com.archana.meta.stepdefinitions.LoginSteps.i_should_see_an_error_containing(LoginSteps.java:54)\n\tat ✽.I should see an error containing \"THIS TEXT WILL NEVER MATCH - GUARANTEED FAILURE\"(file:///Users/achu/Documents/Workspace/JobApplicationPortalTestFramework/src/test/resources/features/test-screenshot.feature:7)\n"},"stage":"finished","steps":[{"name":"Given  I open the login page","status":"passed","statusDetails":{"known":false,"muted":false,"flaky":false},"stage":"finished","steps":[],"attachments":[],"parameters":[],"start":1762333369505,"stop":1762333371277},{"name":"When  I login with \"wrong@email.com\" and \"wrongpass\"","status":"passed","statusDetails":{"known":false,"muted":false,"flaky":false},"stage":"finished","steps":[],"attachments":[],"parameters":[],"start":1762333371279,"stop":1762333371963},{"name":"Then  I should see an error containing \"THIS TEXT WILL NEVER MATCH - GUARANTEED FAILURE\"","status":"failed","statusDetails":{"known":false,"muted":false,"flaky":false,"message":"Error should contain: 'THIS TEXT WILL NEVER MATCH - GUARANTEED FAILURE' but got: 'Invalid email or password' expected [true] but found [false]","trace":"java.lang.AssertionError: Error should contain: 'THIS TEXT WILL NEVER MATCH - GUARANTEED FAILURE' but got: 'Invalid email or password' expected [true] but found [false]\n\tat org.testng.Assert.fail(Assert.java:111)\n\tat org.testng.Assert.failNotEquals(Assert.java:1578)\n\tat org.testng.Assert.assertTrue(Assert.java:57)\n\tat com.archana.meta.stepdefinitions.LoginSteps.i_should_see_an_error_containing(LoginSteps.java:54)\n\tat ✽.I should see an error containing \"THIS TEXT WILL NEVER MATCH - GUARANTEED FAILURE\"(file:///Users/achu/Documents/Workspace/JobApplicationPortalTestFramework/src/test/resources/features/test-screenshot.feature:7)\n"},"stage":"finished","steps":[],"attachments":[{"name":"error-text","source":"b59a650f-a3df-45d7-8a21-cec4f5eae287-attachment.txt","type":"text/plain"}],"parameters":[],"start":1762333371964,"stop":1762333372328}],"attachments":[],"parameters":[],"start":1762333366640,"stop":1762333372916}