{"uuid":"eb0f4522-a326-4066-a625-1baac8e33c35","historyId":"1cf1556ea78a4a06903e8a3999505788","fullName":"Login: Invalid login shows an error","labels":[{"name":"tag","value":"negative"},{"name":"host","value":"Archanas-MacBook-Air.local"},{"name":"thread","value":"92266@Archanas-MacBook-Air.local.main(1)"},{"name":"feature","value":"Login"},{"name":"story","value":"Invalid login shows an error"},{"name":"suite","value":"Login"},{"name":"testClass","value":"Invalid login shows an error"},{"name":"framework","value":"cucumber4jvm"},{"name":"language","value":"java"},{"name":"gherkin_uri","value":"file:///Users/achu/Documents/Workspace/JobApplicationPortalTestFramework/src/test/resources/features/login.feature"},{"name":"package","value":"src.test.resources.features.login_feature.Login"}],"links":[],"name":"Invalid login shows an error","status":"failed","statusDetails":{"known":false,"muted":false,"flaky":false,"message":"Error should contain: 'Email address is not requiredwf' but got: 'Email address is required' expected [true] but found [false]","trace":"java.lang.AssertionError: Error should contain: 'Email address is not requiredwf' but got: 'Email address is required' expected [true] but found [false]\n\tat org.testng.Assert.fail(Assert.java:111)\n\tat org.testng.Assert.failNotEquals(Assert.java:1578)\n\tat org.testng.Assert.assertTrue(Assert.java:57)\n\tat com.archana.meta.stepdefinitions.LoginSteps.i_should_see_an_error_containing(LoginSteps.java:54)\n\tat ✽.I should see an error containing \"Email address is not requiredwf\"(file:///Users/achu/Documents/Workspace/JobApplicationPortalTestFramework/src/test/resources/features/login.feature:13)\n"},"stage":"finished","steps":[{"name":"Given  I open the login page","status":"passed","statusDetails":{"known":false,"muted":false,"flaky":false},"stage":"finished","steps":[],"attachments":[],"parameters":[],"start":1762334645615,"stop":1762334646200},{"name":"When  I login with \"\" and \"password\"","status":"passed","statusDetails":{"known":false,"muted":false,"flaky":false},"stage":"finished","steps":[],"attachments":[],"parameters":[],"start":1762334646205,"stop":1762334647709},{"name":"Then  I should see an error containing \"Email address is not requiredwf\"","status":"failed","statusDetails":{"known":false,"muted":false,"flaky":false,"message":"Error should contain: 'Email address is not requiredwf' but got: 'Email address is required' expected [true] but found [false]","trace":"java.lang.AssertionError: Error should contain: 'Email address is not requiredwf' but got: 'Email address is required' expected [true] but found [false]\n\tat org.testng.Assert.fail(Assert.java:111)\n\tat org.testng.Assert.failNotEquals(Assert.java:1578)\n\tat org.testng.Assert.assertTrue(Assert.java:57)\n\tat com.archana.meta.stepdefinitions.LoginSteps.i_should_see_an_error_containing(LoginSteps.java:54)\n\tat ✽.I should see an error containing \"Email address is not requiredwf\"(file:///Users/achu/Documents/Workspace/JobApplicationPortalTestFramework/src/test/resources/features/login.feature:13)\n"},"stage":"finished","steps":[],"attachments":[{"name":"error-text","source":"81929cdc-760d-4e5a-9357-6f40cb1f45c8-attachment.txt","type":"text/plain"}],"parameters":[],"start":1762334647710,"stop":1762334648030}],"attachments":[],"parameters":[{"name":"email","value":""},{"name":"password","value":"password"},{"name":"error","value":"Email address is not requiredwf"}],"start":1762334643233,"stop":1762334649762}