{"uuid":"f3b86997-d653-4c1e-9738-2aaee37e7687","historyId":"4637cf29553780838162a519b7633ec9","fullName":"io.cucumber.testng.AbstractTestNGCucumberTests.runScenario","labels":[{"name":"package","value":"com.archana.meta.runners.CucumberTestRunner"},{"name":"testClass","value":"com.archana.meta.runners.CucumberTestRunner"},{"name":"testMethod","value":"runScenario"},{"name":"parentSuite","value":"Surefire suite"},{"name":"suite","value":"Surefire test"},{"name":"subSuite","value":"com.archana.meta.runners.CucumberTestRunner"},{"name":"host","value":"Archanas-MacBook-Air.local"},{"name":"thread","value":"88924@Archanas-MacBook-Air.local.main(1)"},{"name":"framework","value":"testng"},{"name":"language","value":"java"}],"links":[],"name":"Runs Cucumber Scenarios","status":"failed","statusDetails":{"known":false,"muted":false,"flaky":false,"message":"Error should contain: 'THIS TEXT WILL NEVER MATCH - GUARANTEED FAILURE' but got: 'Invalid email or password' expected [true] but found [false]","trace":"java.lang.AssertionError: Error should contain: 'THIS TEXT WILL NEVER MATCH - GUARANTEED FAILURE' but got: 'Invalid email or password' expected [true] but found [false]\n\tat org.testng.Assert.fail(Assert.java:111)\n\tat org.testng.Assert.failNotEquals(Assert.java:1578)\n\tat org.testng.Assert.assertTrue(Assert.java:57)\n\tat com.archana.meta.stepdefinitions.LoginSteps.i_should_see_an_error_containing(LoginSteps.java:54)\n\tat âœ½.I should see an error containing \"THIS TEXT WILL NEVER MATCH - GUARANTEED FAILURE\"(file:///Users/achu/Documents/Workspace/JobApplicationPortalTestFramework/src/test/resources/features/test-screenshot.feature:7)\n"},"stage":"finished","steps":[],"attachments":[],"parameters":[{"name":"arg1","value":"\"Screenshot Test\""},{"name":"arg0","value":"\"Force a failure to test screenshot\""}],"start":1762333366632,"stop":1762333372920}