{"uid":"69a5ed8f492a870c","name":"Invalid login shows an error","fullName":"Login: Invalid login shows an error","historyId":"1cf1556ea78a4a06903e8a3999505788","time":{"start":1762333345019,"stop":1762333353386,"duration":8367},"status":"failed","statusMessage":"Error should contain: 'Email address is not requiredwf' but got: 'Email address is required' expected [true] but found [false]","statusTrace":"java.lang.AssertionError: Error should contain: 'Email address is not requiredwf' but got: 'Email address is required' expected [true] but found [false]\n\tat org.testng.Assert.fail(Assert.java:111)\n\tat org.testng.Assert.failNotEquals(Assert.java:1578)\n\tat org.testng.Assert.assertTrue(Assert.java:57)\n\tat com.archana.meta.stepdefinitions.LoginSteps.i_should_see_an_error_containing(LoginSteps.java:54)\n\tat ✽.I should see an error containing \"Email address is not requiredwf\"(file:///Users/achu/Documents/Workspace/JobApplicationPortalTestFramework/src/test/resources/features/login.feature:13)\n","flaky":false,"newFailed":false,"newBroken":false,"newPassed":false,"retriesCount":0,"retriesStatusChange":false,"beforeStages":[{"name":"com.archana.meta.hooks.Hooks.beforeScenario(io.cucumber.java.Scenario)","time":{"start":1762333345019,"stop":1762333347876,"duration":2857},"status":"passed","steps":[],"attachments":[],"parameters":[],"stepsCount":0,"attachmentsCount":0,"shouldDisplayMessage":false,"hasContent":false}],"testStage":{"status":"failed","statusMessage":"Error should contain: 'Email address is not requiredwf' but got: 'Email address is required' expected [true] but found [false]","statusTrace":"java.lang.AssertionError: Error should contain: 'Email address is not requiredwf' but got: 'Email address is required' expected [true] but found [false]\n\tat org.testng.Assert.fail(Assert.java:111)\n\tat org.testng.Assert.failNotEquals(Assert.java:1578)\n\tat org.testng.Assert.assertTrue(Assert.java:57)\n\tat com.archana.meta.stepdefinitions.LoginSteps.i_should_see_an_error_containing(LoginSteps.java:54)\n\tat ✽.I should see an error containing \"Email address is not requiredwf\"(file:///Users/achu/Documents/Workspace/JobApplicationPortalTestFramework/src/test/resources/features/login.feature:13)\n","steps":[{"name":"Given  I open the login page","time":{"start":1762333347876,"stop":1762333350257,"duration":2381},"status":"passed","steps":[],"attachments":[],"parameters":[],"stepsCount":0,"attachmentsCount":0,"shouldDisplayMessage":false,"hasContent":false},{"name":"When  I login with \"\" and \"password\"","time":{"start":1762333350259,"stop":1762333351379,"duration":1120},"status":"passed","steps":[],"attachments":[],"parameters":[],"stepsCount":0,"attachmentsCount":0,"shouldDisplayMessage":false,"hasContent":false},{"name":"Then  I should see an error containing \"Email address is not requiredwf\"","time":{"start":1762333351380,"stop":1762333351886,"duration":506},"status":"failed","statusMessage":"Error should contain: 'Email address is not requiredwf' but got: 'Email address is required' expected [true] but found [false]","statusTrace":"java.lang.AssertionError: Error should contain: 'Email address is not requiredwf' but got: 'Email address is required' expected [true] but found [false]\n\tat org.testng.Assert.fail(Assert.java:111)\n\tat org.testng.Assert.failNotEquals(Assert.java:1578)\n\tat org.testng.Assert.assertTrue(Assert.java:57)\n\tat com.archana.meta.stepdefinitions.LoginSteps.i_should_see_an_error_containing(LoginSteps.java:54)\n\tat ✽.I should see an error containing \"Email address is not requiredwf\"(file:///Users/achu/Documents/Workspace/JobApplicationPortalTestFramework/src/test/resources/features/login.feature:13)\n","steps":[],"attachments":[{"uid":"52d13dd4d1fc9cdf","name":"error-text","source":"52d13dd4d1fc9cdf.txt","type":"text/plain","size":25}],"parameters":[],"stepsCount":0,"attachmentsCount":1,"shouldDisplayMessage":true,"hasContent":true}],"attachments":[],"parameters":[],"stepsCount":3,"attachmentsCount":1,"shouldDisplayMessage":false,"hasContent":true},"afterStages":[{"name":"com.archana.meta.hooks.Hooks.afterStep(io.cucumber.java.Scenario)","time":{"start":1762333350258,"stop":1762333350258,"duration":0},"status":"passed","steps":[],"attachments":[],"parameters":[],"stepsCount":0,"attachmentsCount":0,"shouldDisplayMessage":false,"hasContent":false},{"name":"com.archana.meta.hooks.Hooks.afterStep(io.cucumber.java.Scenario)","time":{"start":1762333351380,"stop":1762333351380,"duration":0},"status":"passed","steps":[],"attachments":[],"parameters":[],"stepsCount":0,"attachmentsCount":0,"shouldDisplayMessage":false,"hasContent":false},{"name":"com.archana.meta.hooks.Hooks.afterStep(io.cucumber.java.Scenario)","time":{"start":1762333351887,"stop":1762333352921,"duration":1034},"status":"passed","steps":[],"attachments":[{"uid":"278752e6481a6d14","name":"screenshot-Invalid login shows an error","source":"278752e6481a6d14.png","type":"image/png","size":412901},{"uid":"ee6d272430214cc0","name":"Screenshot on Failure: Invalid login shows an error","source":"ee6d272430214cc0.png","type":"image/png","size":412901},{"uid":"8c76f2880069e6f4","name":"page-source-Invalid login shows an error","source":"8c76f2880069e6f4.html","type":"text/html","size":11769},{"uid":"36cb5606c53d494a","name":"Page Source on Failure: Invalid login shows an error","source":"36cb5606c53d494a.html","type":"text/html","size":11769}],"parameters":[],"stepsCount":0,"attachmentsCount":4,"shouldDisplayMessage":false,"hasContent":true},{"name":"com.archana.meta.hooks.Hooks.teardown(io.cucumber.java.Scenario)","time":{"start":1762333352923,"stop":1762333353385,"duration":462},"status":"passed","steps":[],"attachments":[],"parameters":[],"stepsCount":0,"attachmentsCount":0,"shouldDisplayMessage":false,"hasContent":false}],"labels":[{"name":"tag","value":"negative"},{"name":"host","value":"Archanas-MacBook-Air.local"},{"name":"thread","value":"88924@Archanas-MacBook-Air.local.main(1)"},{"name":"feature","value":"Login"},{"name":"story","value":"Invalid login shows an error"},{"name":"suite","value":"Login"},{"name":"testClass","value":"Invalid login shows an error"},{"name":"framework","value":"cucumber4jvm"},{"name":"language","value":"java"},{"name":"gherkin_uri","value":"file:///Users/achu/Documents/Workspace/JobApplicationPortalTestFramework/src/test/resources/features/login.feature"},{"name":"package","value":"src.test.resources.features.login_feature.Login"},{"name":"resultFormat","value":"allure2"}],"parameters":[{"name":"email","value":""},{"name":"error","value":"Email address is not requiredwf"},{"name":"password","value":"password"}],"links":[],"hidden":true,"retry":true,"extra":{"categories":[],"tags":["negative"]},"source":"69a5ed8f492a870c.json","parameterValues":["","Email address is not requiredwf","password"]}