{"uid":"8dfe3b5df33ba270","name":"Invalid login shows an error","fullName":"Login: Invalid login shows an error","historyId":"1cf1556ea78a4a06903e8a3999505788","time":{"start":1762334643233,"stop":1762334649762,"duration":6529},"status":"failed","statusMessage":"Error should contain: 'Email address is not requiredwf' but got: 'Email address is required' expected [true] but found [false]","statusTrace":"java.lang.AssertionError: Error should contain: 'Email address is not requiredwf' but got: 'Email address is required' expected [true] but found [false]\n\tat org.testng.Assert.fail(Assert.java:111)\n\tat org.testng.Assert.failNotEquals(Assert.java:1578)\n\tat org.testng.Assert.assertTrue(Assert.java:57)\n\tat com.archana.meta.stepdefinitions.LoginSteps.i_should_see_an_error_containing(LoginSteps.java:54)\n\tat ✽.I should see an error containing \"Email address is not requiredwf\"(file:///Users/achu/Documents/Workspace/JobApplicationPortalTestFramework/src/test/resources/features/login.feature:13)\n","flaky":false,"newFailed":false,"newBroken":false,"newPassed":false,"retriesCount":1,"retriesStatusChange":false,"beforeStages":[{"name":"com.archana.meta.hooks.Hooks.beforeScenario(io.cucumber.java.Scenario)","time":{"start":1762334643234,"stop":1762334645615,"duration":2381},"status":"passed","steps":[],"attachments":[],"parameters":[],"stepsCount":0,"attachmentsCount":0,"shouldDisplayMessage":false,"hasContent":false}],"testStage":{"status":"failed","statusMessage":"Error should contain: 'Email address is not requiredwf' but got: 'Email address is required' expected [true] but found [false]","statusTrace":"java.lang.AssertionError: Error should contain: 'Email address is not requiredwf' but got: 'Email address is required' expected [true] but found [false]\n\tat org.testng.Assert.fail(Assert.java:111)\n\tat org.testng.Assert.failNotEquals(Assert.java:1578)\n\tat org.testng.Assert.assertTrue(Assert.java:57)\n\tat com.archana.meta.stepdefinitions.LoginSteps.i_should_see_an_error_containing(LoginSteps.java:54)\n\tat ✽.I should see an error containing \"Email address is not requiredwf\"(file:///Users/achu/Documents/Workspace/JobApplicationPortalTestFramework/src/test/resources/features/login.feature:13)\n","steps":[{"name":"Given  I open the login page","time":{"start":1762334645615,"stop":1762334646200,"duration":585},"status":"passed","steps":[],"attachments":[],"parameters":[],"stepsCount":0,"attachmentsCount":0,"shouldDisplayMessage":false,"hasContent":false},{"name":"When  I login with \"\" and \"password\"","time":{"start":1762334646205,"stop":1762334647709,"duration":1504},"status":"passed","steps":[],"attachments":[],"parameters":[],"stepsCount":0,"attachmentsCount":0,"shouldDisplayMessage":false,"hasContent":false},{"name":"Then  I should see an error containing \"Email address is not requiredwf\"","time":{"start":1762334647710,"stop":1762334648030,"duration":320},"status":"failed","statusMessage":"Error should contain: 'Email address is not requiredwf' but got: 'Email address is required' expected [true] but found [false]","statusTrace":"java.lang.AssertionError: Error should contain: 'Email address is not requiredwf' but got: 'Email address is required' expected [true] but found [false]\n\tat org.testng.Assert.fail(Assert.java:111)\n\tat org.testng.Assert.failNotEquals(Assert.java:1578)\n\tat org.testng.Assert.assertTrue(Assert.java:57)\n\tat com.archana.meta.stepdefinitions.LoginSteps.i_should_see_an_error_containing(LoginSteps.java:54)\n\tat ✽.I should see an error containing \"Email address is not requiredwf\"(file:///Users/achu/Documents/Workspace/JobApplicationPortalTestFramework/src/test/resources/features/login.feature:13)\n","steps":[],"attachments":[{"uid":"42b94f61c27a69ee","name":"error-text","source":"42b94f61c27a69ee.txt","type":"text/plain","size":25}],"parameters":[],"stepsCount":0,"attachmentsCount":1,"shouldDisplayMessage":true,"hasContent":true}],"attachments":[],"parameters":[],"stepsCount":3,"attachmentsCount":1,"shouldDisplayMessage":false,"hasContent":true},"afterStages":[{"name":"com.archana.meta.hooks.Hooks.afterStep(io.cucumber.java.Scenario)","time":{"start":1762334646200,"stop":1762334646201,"duration":1},"status":"passed","steps":[],"attachments":[],"parameters":[],"stepsCount":0,"attachmentsCount":0,"shouldDisplayMessage":false,"hasContent":false},{"name":"com.archana.meta.hooks.Hooks.afterStep(io.cucumber.java.Scenario)","time":{"start":1762334647709,"stop":1762334647709,"duration":0},"status":"passed","steps":[],"attachments":[],"parameters":[],"stepsCount":0,"attachmentsCount":0,"shouldDisplayMessage":false,"hasContent":false},{"name":"com.archana.meta.hooks.Hooks.afterStep(io.cucumber.java.Scenario)","time":{"start":1762334648031,"stop":1762334648702,"duration":671},"status":"passed","steps":[],"attachments":[{"uid":"3c1d684f900a9783","name":"screenshot-Invalid login shows an error","source":"3c1d684f900a9783.png","type":"image/png","size":412901},{"uid":"5a885090cf15648f","name":"Screenshot on Failure: Invalid login shows an error","source":"5a885090cf15648f.png","type":"image/png","size":412901},{"uid":"9cfd04f26140b9e9","name":"page-source-Invalid login shows an error","source":"9cfd04f26140b9e9.html","type":"text/html","size":11769},{"uid":"9ee479c036a9377c","name":"Page Source on Failure: Invalid login shows an error","source":"9ee479c036a9377c.html","type":"text/html","size":11769}],"parameters":[],"stepsCount":0,"attachmentsCount":4,"shouldDisplayMessage":false,"hasContent":true},{"name":"com.archana.meta.hooks.Hooks.teardown(io.cucumber.java.Scenario)","time":{"start":1762334648703,"stop":1762334649762,"duration":1059},"status":"passed","steps":[],"attachments":[],"parameters":[],"stepsCount":0,"attachmentsCount":0,"shouldDisplayMessage":false,"hasContent":false}],"labels":[{"name":"tag","value":"negative"},{"name":"host","value":"Archanas-MacBook-Air.local"},{"name":"thread","value":"92266@Archanas-MacBook-Air.local.main(1)"},{"name":"feature","value":"Login"},{"name":"story","value":"Invalid login shows an error"},{"name":"suite","value":"Login"},{"name":"testClass","value":"Invalid login shows an error"},{"name":"framework","value":"cucumber4jvm"},{"name":"language","value":"java"},{"name":"gherkin_uri","value":"file:///Users/achu/Documents/Workspace/JobApplicationPortalTestFramework/src/test/resources/features/login.feature"},{"name":"package","value":"src.test.resources.features.login_feature.Login"},{"name":"resultFormat","value":"allure2"}],"parameters":[{"name":"email","value":""},{"name":"error","value":"Email address is not requiredwf"},{"name":"password","value":"password"}],"links":[],"hidden":false,"retry":false,"extra":{"severity":"normal","retries":[{"uid":"69a5ed8f492a870c","status":"failed","statusDetails":"Error should contain: 'Email address is not requiredwf' but got: 'Email address is required' expected [true] but found [false]","time":{"start":1762333345019,"stop":1762333353386,"duration":8367}}],"categories":[{"name":"Product defects","matchedStatuses":[],"flaky":false}],"tags":["negative"]},"source":"8dfe3b5df33ba270.json","parameterValues":["","Email address is not requiredwf","password"]}