{"uid":"103185d4b0c5ec3c","name":"Runs Cucumber Scenarios","fullName":"io.cucumber.testng.AbstractTestNGCucumberTests.runScenario","historyId":"4637cf29553780838162a519b7633ec9","time":{"start":1762333366632,"stop":1762333372920,"duration":6288},"status":"failed","statusMessage":"Error should contain: 'THIS TEXT WILL NEVER MATCH - GUARANTEED FAILURE' but got: 'Invalid email or password' expected [true] but found [false]","statusTrace":"java.lang.AssertionError: Error should contain: 'THIS TEXT WILL NEVER MATCH - GUARANTEED FAILURE' but got: 'Invalid email or password' expected [true] but found [false]\n\tat org.testng.Assert.fail(Assert.java:111)\n\tat org.testng.Assert.failNotEquals(Assert.java:1578)\n\tat org.testng.Assert.assertTrue(Assert.java:57)\n\tat com.archana.meta.stepdefinitions.LoginSteps.i_should_see_an_error_containing(LoginSteps.java:54)\n\tat âœ½.I should see an error containing \"THIS TEXT WILL NEVER MATCH - GUARANTEED FAILURE\"(file:///Users/achu/Documents/Workspace/JobApplicationPortalTestFramework/src/test/resources/features/test-screenshot.feature:7)\n","flaky":false,"newFailed":false,"newBroken":false,"newPassed":false,"retriesCount":0,"retriesStatusChange":false,"beforeStages":[{"name":"setUpClass","time":{"start":1762333321685,"stop":1762333322429,"duration":744},"description":"","status":"passed","steps":[],"attachments":[],"parameters":[],"stepsCount":0,"attachmentsCount":0,"shouldDisplayMessage":false,"hasContent":false}],"afterStages":[{"name":"tearDownClass","time":{"start":1762333372934,"stop":1762333372962,"duration":28},"description":"","status":"passed","steps":[],"attachments":[],"parameters":[],"stepsCount":0,"attachmentsCount":0,"shouldDisplayMessage":false,"hasContent":false}],"labels":[{"name":"package","value":"com.archana.meta.runners.CucumberTestRunner"},{"name":"testClass","value":"com.archana.meta.runners.CucumberTestRunner"},{"name":"testMethod","value":"runScenario"},{"name":"parentSuite","value":"Surefire suite"},{"name":"suite","value":"Surefire test"},{"name":"subSuite","value":"com.archana.meta.runners.CucumberTestRunner"},{"name":"host","value":"Archanas-MacBook-Air.local"},{"name":"thread","value":"88924@Archanas-MacBook-Air.local.main(1)"},{"name":"framework","value":"testng"},{"name":"language","value":"java"},{"name":"resultFormat","value":"allure2"}],"parameters":[{"name":"arg0","value":"\"Force a failure to test screenshot\""},{"name":"arg1","value":"\"Screenshot Test\""}],"links":[],"hidden":false,"retry":false,"extra":{"severity":"normal","retries":[],"categories":[{"name":"Product defects","matchedStatuses":[],"flaky":false}],"tags":[]},"source":"103185d4b0c5ec3c.json","parameterValues":["\"Force a failure to test screenshot\"","\"Screenshot Test\""]}