{
  "uid" : "13b26ac55c6f3ff9",
  "name" : "Force a failure to test screenshot",
  "fullName" : "Screenshot Test: Force a failure to test screenshot",
  "historyId" : "85b94f30849d26849729c7cdcbe576f1",
  "time" : {
    "start" : 1762333366640,
    "stop" : 1762333372916,
    "duration" : 6276
  },
  "status" : "failed",
  "statusMessage" : "Error should contain: 'THIS TEXT WILL NEVER MATCH - GUARANTEED FAILURE' but got: 'Invalid email or password' expected [true] but found [false]",
  "statusTrace" : "java.lang.AssertionError: Error should contain: 'THIS TEXT WILL NEVER MATCH - GUARANTEED FAILURE' but got: 'Invalid email or password' expected [true] but found [false]\n\tat org.testng.Assert.fail(Assert.java:111)\n\tat org.testng.Assert.failNotEquals(Assert.java:1578)\n\tat org.testng.Assert.assertTrue(Assert.java:57)\n\tat com.archana.meta.stepdefinitions.LoginSteps.i_should_see_an_error_containing(LoginSteps.java:54)\n\tat ✽.I should see an error containing \"THIS TEXT WILL NEVER MATCH - GUARANTEED FAILURE\"(file:///Users/achu/Documents/Workspace/JobApplicationPortalTestFramework/src/test/resources/features/test-screenshot.feature:7)\n",
  "flaky" : false,
  "newFailed" : false,
  "beforeStages" : [ {
    "name" : "com.archana.meta.hooks.Hooks.beforeScenario(io.cucumber.java.Scenario)",
    "time" : {
      "start" : 1762333366640,
      "stop" : 1762333369505,
      "duration" : 2865
    },
    "status" : "passed",
    "steps" : [ ],
    "attachments" : [ ],
    "parameters" : [ ],
    "stepsCount" : 0,
    "attachmentsCount" : 0,
    "shouldDisplayMessage" : false,
    "hasContent" : false
  } ],
  "testStage" : {
    "status" : "failed",
    "statusMessage" : "Error should contain: 'THIS TEXT WILL NEVER MATCH - GUARANTEED FAILURE' but got: 'Invalid email or password' expected [true] but found [false]",
    "statusTrace" : "java.lang.AssertionError: Error should contain: 'THIS TEXT WILL NEVER MATCH - GUARANTEED FAILURE' but got: 'Invalid email or password' expected [true] but found [false]\n\tat org.testng.Assert.fail(Assert.java:111)\n\tat org.testng.Assert.failNotEquals(Assert.java:1578)\n\tat org.testng.Assert.assertTrue(Assert.java:57)\n\tat com.archana.meta.stepdefinitions.LoginSteps.i_should_see_an_error_containing(LoginSteps.java:54)\n\tat ✽.I should see an error containing \"THIS TEXT WILL NEVER MATCH - GUARANTEED FAILURE\"(file:///Users/achu/Documents/Workspace/JobApplicationPortalTestFramework/src/test/resources/features/test-screenshot.feature:7)\n",
    "steps" : [ {
      "name" : "Given  I open the login page",
      "time" : {
        "start" : 1762333369505,
        "stop" : 1762333371277,
        "duration" : 1772
      },
      "status" : "passed",
      "steps" : [ ],
      "attachments" : [ ],
      "parameters" : [ ],
      "stepsCount" : 0,
      "attachmentsCount" : 0,
      "shouldDisplayMessage" : false,
      "hasContent" : false
    }, {
      "name" : "When  I login with \"wrong@email.com\" and \"wrongpass\"",
      "time" : {
        "start" : 1762333371279,
        "stop" : 1762333371963,
        "duration" : 684
      },
      "status" : "passed",
      "steps" : [ ],
      "attachments" : [ ],
      "parameters" : [ ],
      "stepsCount" : 0,
      "attachmentsCount" : 0,
      "shouldDisplayMessage" : false,
      "hasContent" : false
    }, {
      "name" : "Then  I should see an error containing \"THIS TEXT WILL NEVER MATCH - GUARANTEED FAILURE\"",
      "time" : {
        "start" : 1762333371964,
        "stop" : 1762333372328,
        "duration" : 364
      },
      "status" : "failed",
      "statusMessage" : "Error should contain: 'THIS TEXT WILL NEVER MATCH - GUARANTEED FAILURE' but got: 'Invalid email or password' expected [true] but found [false]",
      "statusTrace" : "java.lang.AssertionError: Error should contain: 'THIS TEXT WILL NEVER MATCH - GUARANTEED FAILURE' but got: 'Invalid email or password' expected [true] but found [false]\n\tat org.testng.Assert.fail(Assert.java:111)\n\tat org.testng.Assert.failNotEquals(Assert.java:1578)\n\tat org.testng.Assert.assertTrue(Assert.java:57)\n\tat com.archana.meta.stepdefinitions.LoginSteps.i_should_see_an_error_containing(LoginSteps.java:54)\n\tat ✽.I should see an error containing \"THIS TEXT WILL NEVER MATCH - GUARANTEED FAILURE\"(file:///Users/achu/Documents/Workspace/JobApplicationPortalTestFramework/src/test/resources/features/test-screenshot.feature:7)\n",
      "steps" : [ ],
      "attachments" : [ {
        "uid" : "365fd4d4246e3c43",
        "name" : "error-text",
        "source" : "365fd4d4246e3c43.txt",
        "type" : "text/plain",
        "size" : 25
      } ],
      "parameters" : [ ],
      "stepsCount" : 0,
      "attachmentsCount" : 1,
      "shouldDisplayMessage" : true,
      "hasContent" : true
    } ],
    "attachments" : [ ],
    "parameters" : [ ],
    "stepsCount" : 3,
    "attachmentsCount" : 1,
    "shouldDisplayMessage" : false,
    "hasContent" : true
  },
  "afterStages" : [ {
    "name" : "com.archana.meta.hooks.Hooks.afterStep(io.cucumber.java.Scenario)",
    "time" : {
      "start" : 1762333371279,
      "stop" : 1762333371279,
      "duration" : 0
    },
    "status" : "passed",
    "steps" : [ ],
    "attachments" : [ ],
    "parameters" : [ ],
    "stepsCount" : 0,
    "attachmentsCount" : 0,
    "shouldDisplayMessage" : false,
    "hasContent" : false
  }, {
    "name" : "com.archana.meta.hooks.Hooks.afterStep(io.cucumber.java.Scenario)",
    "time" : {
      "start" : 1762333371963,
      "stop" : 1762333371963,
      "duration" : 0
    },
    "status" : "passed",
    "steps" : [ ],
    "attachments" : [ ],
    "parameters" : [ ],
    "stepsCount" : 0,
    "attachmentsCount" : 0,
    "shouldDisplayMessage" : false,
    "hasContent" : false
  }, {
    "name" : "com.archana.meta.hooks.Hooks.afterStep(io.cucumber.java.Scenario)",
    "time" : {
      "start" : 1762333372329,
      "stop" : 1762333372699,
      "duration" : 370
    },
    "status" : "passed",
    "steps" : [ ],
    "attachments" : [ {
      "uid" : "3817aa1d0bf7bb56",
      "name" : "screenshot-Force a failure to test screenshot",
      "source" : "3817aa1d0bf7bb56.png",
      "type" : "image/png",
      "size" : 406478
    }, {
      "uid" : "b6cc782d2d7263c4",
      "name" : "Screenshot on Failure: Force a failure to test screenshot",
      "source" : "b6cc782d2d7263c4.png",
      "type" : "image/png",
      "size" : 406478
    }, {
      "uid" : "b9332136fd12f1e5",
      "name" : "page-source-Force a failure to test screenshot",
      "source" : "b9332136fd12f1e5.html",
      "type" : "text/html",
      "size" : 11906
    }, {
      "uid" : "2d735f88c65aa35d",
      "name" : "Page Source on Failure: Force a failure to test screenshot",
      "source" : "2d735f88c65aa35d.html",
      "type" : "text/html",
      "size" : 11906
    } ],
    "parameters" : [ ],
    "stepsCount" : 0,
    "attachmentsCount" : 4,
    "shouldDisplayMessage" : false,
    "hasContent" : true
  }, {
    "name" : "com.archana.meta.hooks.Hooks.teardown(io.cucumber.java.Scenario)",
    "time" : {
      "start" : 1762333372699,
      "stop" : 1762333372915,
      "duration" : 216
    },
    "status" : "passed",
    "steps" : [ ],
    "attachments" : [ ],
    "parameters" : [ ],
    "stepsCount" : 0,
    "attachmentsCount" : 0,
    "shouldDisplayMessage" : false,
    "hasContent" : false
  } ],
  "labels" : [ {
    "name" : "tag",
    "value" : "screenshot-test"
  }, {
    "name" : "host",
    "value" : "Archanas-MacBook-Air.local"
  }, {
    "name" : "thread",
    "value" : "88924@Archanas-MacBook-Air.local.main(1)"
  }, {
    "name" : "feature",
    "value" : "Screenshot Test"
  }, {
    "name" : "story",
    "value" : "Force a failure to test screenshot"
  }, {
    "name" : "suite",
    "value" : "Screenshot Test"
  }, {
    "name" : "testClass",
    "value" : "Force a failure to test screenshot"
  }, {
    "name" : "framework",
    "value" : "cucumber4jvm"
  }, {
    "name" : "language",
    "value" : "java"
  }, {
    "name" : "gherkin_uri",
    "value" : "file:///Users/achu/Documents/Workspace/JobApplicationPortalTestFramework/src/test/resources/features/test-screenshot.feature"
  }, {
    "name" : "package",
    "value" : "src.test.resources.features.test-screenshot_feature.Screenshot Test"
  }, {
    "name" : "resultFormat",
    "value" : "allure2"
  } ],
  "parameters" : [ ],
  "links" : [ ],
  "hidden" : false,
  "retry" : false,
  "extra" : {
    "severity" : "normal",
    "retries" : [ ],
    "categories" : [ {
      "name" : "Product defects",
      "matchedStatuses" : [ ],
      "flaky" : false
    } ],
    "tags" : [ "screenshot-test" ]
  },
  "source" : "13b26ac55c6f3ff9.json",
  "parameterValues" : [ ]
}